<?xml version="1.0" encoding="UTF-8"?>
<testsuite name="sample.web.ui.SampleWebUiApplicationTests" tests="3" skipped="0" failures="0" errors="0" timestamp="2018-08-25T15:07:13" hostname="gimpil-yeong-ui-MacBook-Pro.local" time="0.32">
  <properties/>
  <testcase name="testCss" classname="sample.web.ui.SampleWebUiApplicationTests" time="0.25"/>
  <testcase name="testHome" classname="sample.web.ui.SampleWebUiApplicationTests" time="0.034"/>
  <testcase name="testCreate" classname="sample.web.ui.SampleWebUiApplicationTests" time="0.034"/>
  <system-out><![CDATA[2018-08-26 00:07:12.236  INFO   --- [    Test worker] .b.t.c.SpringBootTestContextBootstrapper : Neither @ContextConfiguration nor @ContextHierarchy found for test class [sample.web.ui.SampleWebUiApplicationTests], using SpringBootContextLoader
2018-08-26 00:07:12.237  INFO   --- [    Test worker] o.s.t.c.support.AbstractContextLoader    : Could not detect default resource locations for test class [sample.web.ui.SampleWebUiApplicationTests]: no resource found for suffixes {-context.xml, Context.groovy}.
2018-08-26 00:07:12.239  INFO   --- [    Test worker] t.c.s.AnnotationConfigContextLoaderUtils : Could not detect default configuration classes for test class [sample.web.ui.SampleWebUiApplicationTests]: SampleWebUiApplicationTests does not declare any static, non-private, non-final, nested classes annotated with @Configuration.
2018-08-26 00:07:12.249  INFO   --- [    Test worker] .b.t.c.SpringBootTestContextBootstrapper : Found @SpringBootConfiguration sample.web.ui.SampleWebUiApplication for test class sample.web.ui.SampleWebUiApplicationTests
2018-08-26 00:07:12.254  INFO   --- [    Test worker] .b.t.c.SpringBootTestContextBootstrapper : Loaded default TestExecutionListener class names from location [META-INF/spring.factories]: [org.springframework.boot.test.autoconfigure.restdocs.RestDocsTestExecutionListener, org.springframework.boot.test.autoconfigure.web.client.MockRestServiceServerResetTestExecutionListener, org.springframework.boot.test.autoconfigure.web.servlet.MockMvcPrintOnlyOnFailureTestExecutionListener, org.springframework.boot.test.autoconfigure.web.servlet.WebDriverTestExecutionListener, org.springframework.boot.test.mock.mockito.MockitoTestExecutionListener, org.springframework.boot.test.mock.mockito.ResetMocksTestExecutionListener, org.springframework.test.context.web.ServletTestExecutionListener, org.springframework.test.context.support.DirtiesContextBeforeModesTestExecutionListener, org.springframework.test.context.support.DependencyInjectionTestExecutionListener, org.springframework.test.context.support.DirtiesContextTestExecutionListener, org.springframework.test.context.transaction.TransactionalTestExecutionListener, org.springframework.test.context.jdbc.SqlScriptsTestExecutionListener]
2018-08-26 00:07:12.256  INFO   --- [    Test worker] .b.t.c.SpringBootTestContextBootstrapper : Using TestExecutionListeners: [org.springframework.test.context.web.ServletTestExecutionListener@7ec132d3, org.springframework.test.context.support.DirtiesContextBeforeModesTestExecutionListener@29803116, org.springframework.boot.test.mock.mockito.MockitoTestExecutionListener@45ae0dc4, org.springframework.boot.test.autoconfigure.SpringBootDependencyInjectionTestExecutionListener@70f15f26, org.springframework.test.context.support.DirtiesContextTestExecutionListener@7d1bc41, org.springframework.boot.test.autoconfigure.restdocs.RestDocsTestExecutionListener@2f71252c, org.springframework.boot.test.autoconfigure.web.client.MockRestServiceServerResetTestExecutionListener@1a84cd2b, org.springframework.boot.test.autoconfigure.web.servlet.MockMvcPrintOnlyOnFailureTestExecutionListener@60f6a932, org.springframework.boot.test.autoconfigure.web.servlet.WebDriverTestExecutionListener@6acf22d9, org.springframework.boot.test.mock.mockito.ResetMocksTestExecutionListener@4c3132e9]

  .   ____          _            __ _ _
 /\\ / ___'_ __ _ _(_)_ __  __ _ \ \ \ \
( ( )\___ | '_ | '_| | '_ \/ _` | \ \ \ \
 \\/  ___)| |_)| | | | | || (_| |  ) ) ) )
  '  |____| .__|_| |_|_| |_\__, | / / / /
 =========|_|==============|___/=/_/_/_/
 :: Spring Boot ::        (v2.0.4.RELEASE)

2018-08-26 00:07:12.445  INFO 5364 --- [    Test worker] s.web.ui.SampleWebUiApplicationTests     : Starting SampleWebUiApplicationTests on gimpil-yeong-ui-MacBook-Pro.local with PID 5364 (started by philyoungkim in /Users/philyoungkim/Desktop/spring-boot-sample-web-ui2)
2018-08-26 00:07:12.447  INFO 5364 --- [    Test worker] s.web.ui.SampleWebUiApplicationTests     : No active profile set, falling back to default profiles: default
2018-08-26 00:07:12.462  INFO 5364 --- [    Test worker] ConfigServletWebServerApplicationContext : Refreshing org.springframework.boot.web.servlet.context.AnnotationConfigServletWebServerApplicationContext@3672259: startup date [Sun Aug 26 00:07:12 KST 2018]; root of context hierarchy
2018-08-26 00:07:12.982  INFO 5364 --- [    Test worker] o.s.b.w.embedded.tomcat.TomcatWebServer  : Tomcat initialized with port(s): 0 (http)
2018-08-26 00:07:13.036  INFO 5364 --- [    Test worker] o.apache.catalina.core.StandardService   : Starting service [Tomcat]
2018-08-26 00:07:13.036  INFO 5364 --- [    Test worker] org.apache.catalina.core.StandardEngine  : Starting Servlet Engine: Apache Tomcat/8.5.32
2018-08-26 00:07:13.050  INFO 5364 --- [ost-startStop-1] o.a.catalina.core.AprLifecycleListener   : The APR based Apache Tomcat Native library which allows optimal performance in production environments was not found on the java.library.path: [/Users/philyoungkim/Library/Java/Extensions:/Library/Java/Extensions:/Network/Library/Java/Extensions:/System/Library/Java/Extensions:/usr/lib/java:.]
2018-08-26 00:07:13.177  INFO 5364 --- [ost-startStop-1] o.a.c.c.C.[Tomcat].[localhost].[/]       : Initializing Spring embedded WebApplicationContext
2018-08-26 00:07:13.178  INFO 5364 --- [ost-startStop-1] o.s.web.context.ContextLoader            : Root WebApplicationContext: initialization completed in 715 ms
2018-08-26 00:07:13.203  INFO 5364 --- [ost-startStop-1] o.s.b.w.servlet.ServletRegistrationBean  : Servlet dispatcherServlet mapped to [/]
2018-08-26 00:07:13.212  INFO 5364 --- [ost-startStop-1] o.s.b.w.servlet.FilterRegistrationBean   : Mapping filter: 'characterEncodingFilter' to: [/*]
2018-08-26 00:07:13.213  INFO 5364 --- [ost-startStop-1] o.s.b.w.servlet.FilterRegistrationBean   : Mapping filter: 'hiddenHttpMethodFilter' to: [/*]
2018-08-26 00:07:13.214  INFO 5364 --- [ost-startStop-1] o.s.b.w.servlet.FilterRegistrationBean   : Mapping filter: 'httpPutFormContentFilter' to: [/*]
2018-08-26 00:07:13.214  INFO 5364 --- [ost-startStop-1] o.s.b.w.servlet.FilterRegistrationBean   : Mapping filter: 'requestContextFilter' to: [/*]
2018-08-26 00:07:13.293  INFO 5364 --- [    Test worker] o.s.w.s.handler.SimpleUrlHandlerMapping  : Mapped URL path [/**/favicon.ico] onto handler of type [class org.springframework.web.servlet.resource.ResourceHttpRequestHandler]
2018-08-26 00:07:13.362  INFO 5364 --- [    Test worker] s.w.s.m.m.a.RequestMappingHandlerAdapter : Looking for @ControllerAdvice: org.springframework.boot.web.servlet.context.AnnotationConfigServletWebServerApplicationContext@3672259: startup date [Sun Aug 26 00:07:12 KST 2018]; root of context hierarchy
2018-08-26 00:07:13.373  INFO 5364 --- [    Test worker] s.w.s.m.m.a.RequestMappingHandlerMapping : Mapped "{[/delete/{id}],methods=[GET]}" onto public org.springframework.web.servlet.ModelAndView sample.web.ui.mvc.MessageController.delete(java.lang.Long)
2018-08-26 00:07:13.374  INFO 5364 --- [    Test worker] s.w.s.m.m.a.RequestMappingHandlerMapping : Mapped "{[/],methods=[POST]}" onto public org.springframework.web.servlet.ModelAndView sample.web.ui.mvc.MessageController.create(sample.web.ui.Message,org.springframework.validation.BindingResult,org.springframework.web.servlet.mvc.support.RedirectAttributes)
2018-08-26 00:07:13.374  INFO 5364 --- [    Test worker] s.w.s.m.m.a.RequestMappingHandlerMapping : Mapped "{[/],methods=[GET]}" onto public org.springframework.web.servlet.ModelAndView sample.web.ui.mvc.MessageController.list()
2018-08-26 00:07:13.374  INFO 5364 --- [    Test worker] s.w.s.m.m.a.RequestMappingHandlerMapping : Mapped "{[/{id}],methods=[GET]}" onto public org.springframework.web.servlet.ModelAndView sample.web.ui.mvc.MessageController.view(sample.web.ui.Message)
2018-08-26 00:07:13.375  INFO 5364 --- [    Test worker] s.w.s.m.m.a.RequestMappingHandlerMapping : Mapped "{[/foo]}" onto public java.lang.String sample.web.ui.mvc.MessageController.foo()
2018-08-26 00:07:13.375  INFO 5364 --- [    Test worker] s.w.s.m.m.a.RequestMappingHandlerMapping : Mapped "{[/],methods=[GET],params=[form]}" onto public java.lang.String sample.web.ui.mvc.MessageController.createForm(sample.web.ui.Message)
2018-08-26 00:07:13.376  INFO 5364 --- [    Test worker] s.w.s.m.m.a.RequestMappingHandlerMapping : Mapped "{[/modify/{id}],methods=[GET]}" onto public org.springframework.web.servlet.ModelAndView sample.web.ui.mvc.MessageController.modifyForm(sample.web.ui.Message)
2018-08-26 00:07:13.379  INFO 5364 --- [    Test worker] s.w.s.m.m.a.RequestMappingHandlerMapping : Mapped "{[/error]}" onto public org.springframework.http.ResponseEntity<java.util.Map<java.lang.String, java.lang.Object>> org.springframework.boot.autoconfigure.web.servlet.error.BasicErrorController.error(javax.servlet.http.HttpServletRequest)
2018-08-26 00:07:13.380  INFO 5364 --- [    Test worker] s.w.s.m.m.a.RequestMappingHandlerMapping : Mapped "{[/error],produces=[text/html]}" onto public org.springframework.web.servlet.ModelAndView org.springframework.boot.autoconfigure.web.servlet.error.BasicErrorController.errorHtml(javax.servlet.http.HttpServletRequest,javax.servlet.http.HttpServletResponse)
2018-08-26 00:07:13.389  INFO 5364 --- [    Test worker] o.s.w.s.handler.SimpleUrlHandlerMapping  : Mapped URL path [/webjars/**] onto handler of type [class org.springframework.web.servlet.resource.ResourceHttpRequestHandler]
2018-08-26 00:07:13.390  INFO 5364 --- [    Test worker] o.s.w.s.handler.SimpleUrlHandlerMapping  : Mapped URL path [/**] onto handler of type [class org.springframework.web.servlet.resource.ResourceHttpRequestHandler]
2018-08-26 00:07:13.550  INFO 5364 --- [    Test worker] o.s.b.w.embedded.tomcat.TomcatWebServer  : Tomcat started on port(s): 57478 (http) with context path ''
2018-08-26 00:07:13.555  INFO 5364 --- [    Test worker] s.web.ui.SampleWebUiApplicationTests     : Started SampleWebUiApplicationTests in 1.275 seconds (JVM running for 6.361)
2018-08-26 00:07:13.707  INFO 5364 --- [o-auto-1-exec-1] o.a.c.c.C.[Tomcat].[localhost].[/]       : Initializing Spring FrameworkServlet 'dispatcherServlet'
2018-08-26 00:07:13.708  INFO 5364 --- [o-auto-1-exec-1] o.s.web.servlet.DispatcherServlet        : FrameworkServlet 'dispatcherServlet': initialization started
2018-08-26 00:07:13.723  INFO 5364 --- [o-auto-1-exec-1] o.s.web.servlet.DispatcherServlet        : FrameworkServlet 'dispatcherServlet': initialization completed in 14 ms
]]></system-out>
  <system-err><![CDATA[]]></system-err>
</testsuite>
